#
# A fatal error has been detected by the Java Runtime Environment:
#
#  SIGSEGV (0xb) at pc=0x00007fe0c73ba144, pid=120607, tid=120609
#
# JRE version: OpenJDK Runtime Environment (11.0.8+10) (build 11.0.8+10)
# Java VM: OpenJDK 64-Bit Server VM (11.0.8+10, mixed mode, tiered, compressed oops, g1 gc, linux-amd64)
# Problematic frame:
# C  [radeonsi_dri.so+0xaf7144]
#
# Core dump will be written. Default location: Core dumps may be processed with "/usr/lib/systemd/systemd-coredump %P %u %g %s %t %c %h" (or dumping to /home/david/Documents/GitHub/metropolitan-fiesta/Serverthingys/TheMod/run/core.120607)
#
# If you would like to submit a bug report, please visit:
#   https://bugreport.java.com/bugreport/crash.jsp
# The crash happened outside the Java Virtual Machine in native code.
# See problematic frame for where to report the bug.
#

---------------  S U M M A R Y ------------

Command Line: -Xdebug -Xnoagent -Djava.compiler=NONE -Xrunjdwp:transport=dt_socket,address=localhost:34745,server=n,suspend=y -Dfabric.dli.config=/home/david/Documents/GitHub/metropolitan-fiesta/Serverthingys/TheMod/.gradle/loom-cache/launch.cfg -Dfabric.dli.env=client -Dfabric.dli.main=net.fabricmc.loader.launch.knot.KnotClient -Dfile.encoding=UTF-8 net.fabricmc.devlaunchinjector.Main

Host: AMD Ryzen 3 2300U with Radeon Vega Mobile Gfx, 4 cores, 6G, Arch Linux
Time: Thu Oct 29 20:48:12 2020 AEDT elapsed time: 569 seconds (0d 0h 9m 29s)

---------------  T H R E A D  ---------------

Current thread (0x00007fe16001b000):  JavaThread "Render thread" [_thread_in_native, id=120609, stack(0x00007fe166789000,0x00007fe16688a000)]

Stack: [0x00007fe166789000,0x00007fe16688a000],  sp=0x00007fe1668879a0,  free space=1018k
Native frames: (J=compiled Java code, A=aot compiled Java code, j=interpreted, Vv=VM code, C=native code)
C  [radeonsi_dri.so+0xaf7144]

Java frames: (J=compiled Java code, j=interpreted, Vv=VM code)
J 7611  org.lwjgl.system.JNI.invokePV(JJ)V (0 bytes) @ 0x00007fe150755205 [0x00007fe150755160+0x00000000000000a5]
J 26242 c2 net.minecraft.client.util.Window.swapBuffers()V (35 bytes) @ 0x00007fe1513fc7ec [0x00007fe1513fc2a0+0x000000000000054c]
J 27771 c2 net.minecraft.client.MinecraftClient.render(Z)V (946 bytes) @ 0x00007fe151ba0208 [0x00007fe151b9e9e0+0x0000000000001828]
j  net.minecraft.client.MinecraftClient.run()V+83
j  net.minecraft.client.main.Main.main([Ljava/lang/String;)V+1366
v  ~StubRoutines::call_stub
j  jdk.internal.reflect.NativeMethodAccessorImpl.invoke0(Ljava/lang/reflect/Method;Ljava/lang/Object;[Ljava/lang/Object;)Ljava/lang/Object;+0 java.base@11.0.8
j  jdk.internal.reflect.NativeMethodAccessorImpl.invoke(Ljava/lang/Object;[Ljava/lang/Object;)Ljava/lang/Object;+100 java.base@11.0.8
j  jdk.internal.reflect.DelegatingMethodAccessorImpl.invoke(Ljava/lang/Object;[Ljava/lang/Object;)Ljava/lang/Object;+6 java.base@11.0.8
j  java.lang.reflect.Method.invoke(Ljava/lang/Object;[Ljava/lang/Object;)Ljava/lang/Object;+59 java.base@11.0.8
j  net.fabricmc.loader.game.MinecraftGameProvider.launch(Ljava/lang/ClassLoader;)V+71
j  net.fabricmc.loader.launch.knot.Knot.init([Ljava/lang/String;)V+692
j  net.fabricmc.loader.launch.knot.KnotClient.main([Ljava/lang/String;)V+33
j  java.lang.invoke.DirectMethodHandle$Holder.invokeStatic(Ljava/lang/Object;Ljava/lang/Object;)V+10 java.base@11.0.8
j  java.lang.invoke.LambdaForm$MH.invokeExact_MT(Ljava/lang/Object;Ljava/lang/Object;Ljava/lang/Object;)V+19 java.base@11.0.8
j  net.fabricmc.devlaunchinjector.Main.main([Ljava/lang/String;)V+307
v  ~StubRoutines::call_stub

siginfo: si_signo: 11 (SIGSEGV), si_code: 1 (SEGV_MAPERR), si_addr: 0x0000000000000598

Register to memory mapping:

RAX=0x000000000000000c is an unknown value
RBX=0x00007fe1617c91a0 points into unknown readable memory: 1e ab a1 5c 03 00 0c 00
RCX=0x00007fe1617c91b0 points into unknown readable memory: 40 bf 1b 62 e1 7f 00 00
RDX=0x0 is NULL
RSP=0x00007fe1668879a0 is pointing into the stack for thread: 0x00007fe16001b000
RBP=0x00007fe1617c91a8 points into unknown readable memory: 00 00 00 00 00 00 00 00
RSI=0x0 is NULL
RDI=0x00000000000003b0 is an unknown value
R8 =0x00007fe166887ab0 is pointing into the stack for thread: 0x00007fe16001b000
R9 =0x0000000018b9a9f5 is an unknown value
R10=0x00007fe150755205 is at entry_point+165 in (nmethod*)0x00007fe150754f90
R11=0x0000000000000202 is an unknown value
R12=0x0000000000000009 is an unknown value
R13=0x00007fe1617cbb70 points into unknown readable memory: 1e ab a1 5c 05 00 13 00
R14=0x00007fe0c7d2c8c0: <offset 0x00000000014698c0> in /usr/lib/dri/radeonsi_dri.so at 0x00007fe0c68c3000
R15=0x00000000000003b0 is an unknown value


Registers:
RAX=0x000000000000000c, RBX=0x00007fe1617c91a0, RCX=0x00007fe1617c91b0, RDX=0x0000000000000000
RSP=0x00007fe1668879a0, RBP=0x00007fe1617c91a8, RSI=0x0000000000000000, RDI=0x00000000000003b0
R8 =0x00007fe166887ab0, R9 =0x0000000018b9a9f5, R10=0x00007fe150755205, R11=0x0000000000000202
R12=0x0000000000000009, R13=0x00007fe1617cbb70, R14=0x00007fe0c7d2c8c0, R15=0x00000000000003b0
RIP=0x00007fe0c73ba144, EFLAGS=0x0000000000010206, CSGSFS=0x002b000000000033, ERR=0x0000000000000004
  TRAPNO=0x000000000000000e

Top of Stack: (sp=0x00007fe1668879a0)
0x00007fe1668879a0:   00000000a0363f58 00007fe1617c91a0
0x00007fe1668879b0:   00007fe1617adad0 00007fe0c76faabf
0x00007fe1668879c0:   000000009a9614a0 00007fe161b58de0
0x00007fe1668879d0:   00007fe1617adad0 0000000000000001 

Instructions: (pc=0x00007fe0c73ba144)
0x00007fe0c73ba044:   75 18 58 5a 48 85 f6 74 27 f0 83 2e 01 75 21 0f
0x00007fe0c73ba054:   1f 44 00 00 48 8b 5e 20 48 8b 46 28 48 89 c7 ff
0x00007fe0c73ba064:   90 c8 00 00 00 48 85 db 74 06 f0 83 2b 01 74 14
0x00007fe0c73ba074:   48 c7 45 18 00 00 00 00 48 83 c4 08 5b 5d c3 0f
0x00007fe0c73ba084:   1f 44 00 00 48 89 de eb cb 0f 1f 00 41 54 49 89
0x00007fe0c73ba094:   f4 55 53 ff 97 f0 01 00 00 41 0f b6 44 24 07 85
0x00007fe0c73ba0a4:   c0 74 3c 83 e8 01 49 8d 5c 24 08 49 8d 6c c4 10
0x00007fe0c73ba0b4:   0f 1f 40 00 48 8b 33 48 85 f6 74 13 f0 83 2e 01
0x00007fe0c73ba0c4:   75 0d 48 8b 46 10 48 89 c7 ff 90 f0 02 00 00 48
0x00007fe0c73ba0d4:   c7 03 00 00 00 00 48 83 c3 08 48 39 dd 75 d5 49
0x00007fe0c73ba0e4:   8b 74 24 48 48 85 f6 74 06 f0 83 2e 01 74 15 49
0x00007fe0c73ba0f4:   c7 44 24 48 00 00 00 00 5b 5d 41 5c c3 0f 1f 80
0x00007fe0c73ba104:   00 00 00 00 48 8b 46 10 48 89 c7 ff 90 f0 02 00
0x00007fe0c73ba114:   00 5b 5d 49 c7 44 24 48 00 00 00 00 41 5c c3 66
0x00007fe0c73ba124:   66 2e 0f 1f 84 00 00 00 00 00 66 90 55 48 89 f5
0x00007fe0c73ba134:   48 8d 4e 08 53 48 83 ec 08 0f b6 56 01 0f b6 36
0x00007fe0c73ba144:   ff 97 e8 01 00 00 48 8b 75 08 48 85 f6 74 29 f0
0x00007fe0c73ba154:   83 2e 01 75 23 0f 1f 80 00 00 00 00 48 8b 5e 20
0x00007fe0c73ba164:   48 8b 46 28 48 89 c7 ff 90 c8 00 00 00 48 85 db
0x00007fe0c73ba174:   74 06 f0 83 2b 01 74 14 48 c7 45 08 00 00 00 00
0x00007fe0c73ba184:   48 83 c4 08 5b 5d c3 0f 1f 44 00 00 48 89 de eb
0x00007fe0c73ba194:   cb 66 66 2e 0f 1f 84 00 00 00 00 00 41 54 55 48
0x00007fe0c73ba1a4:   89 f5 53 44 0f b6 66 02 48 8d 5e 08 0f b6 56 01
0x00007fe0c73ba1b4:   49 89 d8 0f b6 36 44 89 e1 ff 97 20 02 00 00 45
0x00007fe0c73ba1c4:   85 e4 74 3b 41 8d 44 24 ff 48 8d 6c c5 10 66 0f
0x00007fe0c73ba1d4:   1f 44 00 00 48 8b 33 48 85 f6 74 13 f0 83 2e 01
0x00007fe0c73ba1e4:   75 0d 48 8b 46 10 48 89 c7 ff 90 e0 02 00 00 48
0x00007fe0c73ba1f4:   c7 03 00 00 00 00 48 83 c3 08 48 39 eb 75 d5 5b
0x00007fe0c73ba204:   5d 41 5c c3 0f 1f 84 00 00 00 00 00 41 54 55 53
0x00007fe0c73ba214:   48 89 f3 44 0f b6 66 02 80 7b 03 00 0f b6 56 01
0x00007fe0c73ba224:   48 8b 87 48 02 00 00 0f b6 36 75 78 48 8d 6b 08
0x00007fe0c73ba234:   44 89 e1 49 89 e8 ff d0 45 85 e4 74 30 41 8d 44 


Stack slot to memory mapping:
stack at sp + 0 slots: 0x00000000a0363f58 is an oop: java.lang.Class 
{0x00000000a0363f58} - klass: 'java/lang/Class'
stack at sp + 1 slots: 0x00007fe1617c91a0 points into unknown readable memory: 1e ab a1 5c 03 00 0c 00
stack at sp + 2 slots: 0x00007fe1617adad0 points into unknown readable memory: b0 9e 87 61 e1 7f 00 00
stack at sp + 3 slots: 0x00007fe0c76faabf: <offset 0x0000000000e37abf> in /usr/lib/dri/radeonsi_dri.so at 0x00007fe0c68c3000
stack at sp + 4 slots: 0x000000009a9614a0 is an oop: net.minecraft.client.render.VertexFormatElement$Type$$Lambda$2407/0x0000000100836c40 
{0x000000009a9614a0} - klass: 'net/minecraft/client/render/VertexFormatElement$Type$$Lambda$2407'
stack at sp + 5 slots: 0x00007fe161b58de0 points into unknown readable memory: 40 60 87 61 e1 7f 00 00
stack at sp + 6 slots: 0x00007fe1617adad0 points into unknown readable memory: b0 9e 87 61 e1 7f 00 00
stack at sp + 7 slots: 0x0000000000000001 is an unknown value


---------------  P R O C E S S  ---------------

Threads class SMR info:
_java_thread_list=0x00007fe1000726c0, length=26, elements={
0x00007fe16001b000, 0x00007fe160136800, 0x00007fe16013b000, 0x00007fe16014f800,
0x00007fe160151800, 0x00007fe160153800, 0x00007fe160156000, 0x00007fe160205800,
0x00007fe160209000, 0x00007fe16020a800, 0x00007fe160220000, 0x00007fe16258e000,
0x00007fe162934000, 0x00007fe16297a800, 0x00007fe161637800, 0x00007fe1609bd000,
0x00007fe1606b5800, 0x00007fe104002000, 0x00007fe1108cf800, 0x00007fe162e7d800,
0x00007fe162e61000, 0x00007fe16332d800, 0x00007fe163332800, 0x00007fe16317f000,
0x00007fe0c800d800, 0x00007fe1621b2800
}

Java Threads: ( => current thread )
=>0x00007fe16001b000 JavaThread "Render thread" [_thread_in_native, id=120609, stack(0x00007fe166789000,0x00007fe16688a000)]
  0x00007fe160136800 JavaThread "Reference Handler" daemon [_thread_blocked, id=120619, stack(0x00007fe164231000,0x00007fe164332000)]
  0x00007fe16013b000 JavaThread "Finalizer" daemon [_thread_blocked, id=120620, stack(0x00007fe164130000,0x00007fe164231000)]
  0x00007fe16014f800 JavaThread "Signal Dispatcher" daemon [_thread_blocked, id=120621, stack(0x00007fe16402f000,0x00007fe164130000)]
  0x00007fe160151800 JavaThread "C2 CompilerThread0" daemon [_thread_blocked, id=120622, stack(0x00007fe14851a000,0x00007fe14861b000)]
  0x00007fe160153800 JavaThread "C1 CompilerThread0" daemon [_thread_blocked, id=120623, stack(0x00007fe148419000,0x00007fe14851a000)]
  0x00007fe160156000 JavaThread "Sweeper thread" daemon [_thread_blocked, id=120624, stack(0x00007fe148318000,0x00007fe148419000)]
  0x00007fe160205800 JavaThread "JDWP Transport Listener: dt_socket" daemon [_thread_in_native, id=120626, stack(0x00007fe148217000,0x00007fe148318000)]
  0x00007fe160209000 JavaThread "JDWP Event Helper Thread" daemon [_thread_blocked, id=120627, stack(0x00007fe148116000,0x00007fe148217000)]
  0x00007fe16020a800 JavaThread "Service Thread" daemon [_thread_blocked, id=120636, stack(0x00007fe14088f000,0x00007fe140990000)]
  0x00007fe160220000 JavaThread "Common-Cleaner" daemon [_thread_blocked, id=120638, stack(0x00007fe14068c000,0x00007fe14078d000)]
  0x00007fe16258e000 JavaThread "Worker-Bootstrap-2" daemon [_thread_blocked, id=120698, stack(0x00007fe139468000,0x00007fe139569000)]
  0x00007fe162934000 JavaThread "Timer hack thread" daemon [_thread_blocked, id=120716, stack(0x00007fe13805d000,0x00007fe13815e000)]
  0x00007fe16297a800 JavaThread "Snooper Timer" daemon [_thread_blocked, id=120717, stack(0x00007fe0de0fd000,0x00007fe0de1fe000)]
  0x00007fe161637800 JavaThread "Narrator" daemon [_thread_blocked, id=120774, stack(0x00007fe0b80c5000,0x00007fe0b81c6000)]
  0x00007fe1609bd000 JavaThread "Worker-Main-4" daemon [_thread_blocked, id=120785, stack(0x00007fe0b31ff000,0x00007fe0b3300000)]
  0x00007fe1606b5800 JavaThread "Worker-Main-5" daemon [_thread_blocked, id=120786, stack(0x00007fe0b2efe000,0x00007fe0b2fff000)]
  0x00007fe104002000 JavaThread "Worker-Main-6" daemon [_thread_blocked, id=120787, stack(0x00007fe0b2dfd000,0x00007fe0b2efe000)]
  0x00007fe1108cf800 JavaThread "Worker-Main-8" daemon [_thread_blocked, id=120862, stack(0x00007fe0b3ce6000,0x00007fe0b3de7000)]
  0x00007fe162e7d800 JavaThread "Snooper Timer" daemon [_thread_blocked, id=121486, stack(0x00007fe139cff000,0x00007fe139e00000)]
  0x00007fe162e61000 JavaThread "Server thread" [_thread_in_Java, id=121487, stack(0x00007fe0aa57f000,0x00007fe0aa680000)]
  0x00007fe16332d800 JavaThread "ObjectCleanerThread" daemon [_thread_blocked, id=121703, stack(0x00007fe0906fb000,0x00007fe0907fc000)]
  0x00007fe163332800 JavaThread "Netty Server IO #0" daemon [_thread_in_native, id=121704, stack(0x00007fe0905fa000,0x00007fe0906fb000)]
  0x00007fe16317f000 JavaThread "Netty Local Client IO #0" daemon [_thread_blocked, id=121717, stack(0x00007fe0903f8000,0x00007fe0904f9000)]
  0x00007fe0c800d800 JavaThread "Netty Server IO #1" daemon [_thread_in_native, id=121718, stack(0x00007fe0902f7000,0x00007fe0903f8000)]
  0x00007fe1621b2800 JavaThread "Sound engine" daemon [_thread_blocked, id=121725, stack(0x00007fe0b8fc7000,0x00007fe0b90c8000)]

Other Threads:
  0x00007fe16012e800 VMThread "VM Thread" [stack: 0x00007fe164334000,0x00007fe164434000] [id=120618]
  0x00007fe16020d000 WatcherThread [stack: 0x00007fe14078f000,0x00007fe14088f000] [id=120637]
  0x00007fe160032800 GCTaskThread "GC Thread#0" [stack: 0x00007fe1663fb000,0x00007fe1664fb000] [id=120610]
  0x00007fe12c001000 GCTaskThread "GC Thread#1" [stack: 0x00007fe14025a000,0x00007fe14035a000] [id=120640]
  0x00007fe12c018800 GCTaskThread "GC Thread#2" [stack: 0x00007fe139164000,0x00007fe139264000] [id=120664]
  0x00007fe12c06d800 GCTaskThread "GC Thread#3" [stack: 0x00007fe138b60000,0x00007fe138c60000] [id=120681]
  0x00007fe16005e000 ConcurrentGCThread "G1 Main Marker" [stack: 0x00007fe165486000,0x00007fe165586000] [id=120611]
  0x00007fe160060000 ConcurrentGCThread "G1 Conc#0" [stack: 0x00007fe165384000,0x00007fe165484000] [id=120615]
  0x00007fe1600cc000 ConcurrentGCThread "G1 Refine#0" [stack: 0x00007fe164e7e000,0x00007fe164f7e000] [id=120616]
  0x00007fe130001000 ConcurrentGCThread "G1 Refine#1" [stack: 0x00007fe139368000,0x00007fe139468000] [id=120662]
  0x00007fe0f00db800 ConcurrentGCThread "G1 Refine#2" [stack: 0x00007fe139266000,0x00007fe139366000] [id=120663]
  0x00007fe0ec002000 ConcurrentGCThread "G1 Refine#3" [stack: 0x00007fe139062000,0x00007fe139162000] [id=120665]
  0x00007fe1600ce000 ConcurrentGCThread "G1 Young RemSet Sampling" [stack: 0x00007fe164d7c000,0x00007fe164e7c000] [id=120617]

Threads with active compile tasks:

