#
# A fatal error has been detected by the Java Runtime Environment:
#
#  SIGSEGV (0xb) at pc=0x00007f741a7c7b79, pid=22808, tid=22810
#
# JRE version: OpenJDK Runtime Environment (11.0.8+10) (build 11.0.8+10)
# Java VM: OpenJDK 64-Bit Server VM (11.0.8+10, mixed mode, tiered, compressed oops, g1 gc, linux-amd64)
# Problematic frame:
# C  [radeonsi_dri.so+0xb04b79]
#
# Core dump will be written. Default location: Core dumps may be processed with "/usr/lib/systemd/systemd-coredump %P %u %g %s %t %c %h" (or dumping to /home/david/Documents/GitHub/metropolitan-fiesta/Serverthingys/TheMod/run/core.22808)
#
# If you would like to submit a bug report, please visit:
#   https://bugreport.java.com/bugreport/crash.jsp
# The crash happened outside the Java Virtual Machine in native code.
# See problematic frame for where to report the bug.
#

---------------  S U M M A R Y ------------

Command Line: -Xdebug -Xnoagent -Djava.compiler=NONE -Xrunjdwp:transport=dt_socket,address=localhost:39809,server=n,suspend=y -Dfabric.dli.config=/home/david/Documents/GitHub/metropolitan-fiesta/Serverthingys/TheMod/.gradle/loom-cache/launch.cfg -Dfabric.dli.env=client -Dfabric.dli.main=net.fabricmc.loader.launch.knot.KnotClient -Dfile.encoding=UTF-8 net.fabricmc.devlaunchinjector.Main

Host: AMD Ryzen 3 2300U with Radeon Vega Mobile Gfx, 4 cores, 6G, Arch Linux
Time: Thu Oct 22 17:42:07 2020 AEDT elapsed time: 531 seconds (0d 0h 8m 51s)

---------------  T H R E A D  ---------------

Current thread (0x00007f74b001b000):  JavaThread "Render thread" [_thread_in_native, id=22810, stack(0x00007f74b5214000,0x00007f74b5315000)]

Stack: [0x00007f74b5214000,0x00007f74b5315000],  sp=0x00007f74b5312470,  free space=1017k
Native frames: (J=compiled Java code, A=aot compiled Java code, j=interpreted, Vv=VM code, C=native code)
C  [radeonsi_dri.so+0xb04b79]

Java frames: (J=compiled Java code, j=interpreted, Vv=VM code)
J 8298  org.lwjgl.opengl.GL11C.glDrawArrays(III)V (0 bytes) @ 0x00007f74a0a12f87 [0x00007f74a0a12f40+0x0000000000000047]
J 21649 c2 net.minecraft.client.render.WorldRenderer.renderLayer(Lnet/minecraft/client/render/RenderLayer;Lnet/minecraft/client/util/math/MatrixStack;DDD)V (437 bytes) @ 0x00007f74a13562fc [0x00007f74a1355600+0x0000000000000cfc]
J 23198 c2 net.minecraft.client.render.WorldRenderer.render(Lnet/minecraft/client/util/math/MatrixStack;FJZLnet/minecraft/client/render/Camera;Lnet/minecraft/client/render/GameRenderer;Lnet/minecraft/client/render/LightmapTextureManager;Lnet/minecraft/util/math/Matrix4f;)V (2695 bytes) @ 0x00007f74a148ba04 [0x00007f74a1489860+0x00000000000021a4]
J 25510 c2 net.minecraft.client.render.GameRenderer.renderWorld(FJLnet/minecraft/client/util/math/MatrixStack;)V (543 bytes) @ 0x00007f74a17437ac [0x00007f74a17410e0+0x00000000000026cc]
J 25287 c2 net.minecraft.client.render.GameRenderer.render(FJZ)V (854 bytes) @ 0x00007f74a13893b4 [0x00007f74a1388be0+0x00000000000007d4]
J 24850 c2 net.minecraft.client.MinecraftClient.render(Z)V (946 bytes) @ 0x00007f74a1659f9c [0x00007f74a1657d40+0x000000000000225c]
j  net.minecraft.client.MinecraftClient.run()V+83
j  net.minecraft.client.main.Main.main([Ljava/lang/String;)V+1366
v  ~StubRoutines::call_stub
j  jdk.internal.reflect.NativeMethodAccessorImpl.invoke0(Ljava/lang/reflect/Method;Ljava/lang/Object;[Ljava/lang/Object;)Ljava/lang/Object;+0 java.base@11.0.8
j  jdk.internal.reflect.NativeMethodAccessorImpl.invoke(Ljava/lang/Object;[Ljava/lang/Object;)Ljava/lang/Object;+100 java.base@11.0.8
j  jdk.internal.reflect.DelegatingMethodAccessorImpl.invoke(Ljava/lang/Object;[Ljava/lang/Object;)Ljava/lang/Object;+6 java.base@11.0.8
j  java.lang.reflect.Method.invoke(Ljava/lang/Object;[Ljava/lang/Object;)Ljava/lang/Object;+59 java.base@11.0.8
j  net.fabricmc.loader.game.MinecraftGameProvider.launch(Ljava/lang/ClassLoader;)V+71
j  net.fabricmc.loader.launch.knot.Knot.init([Ljava/lang/String;)V+692
j  net.fabricmc.loader.launch.knot.KnotClient.main([Ljava/lang/String;)V+33
j  java.lang.invoke.DirectMethodHandle$Holder.invokeStatic(Ljava/lang/Object;Ljava/lang/Object;)V+10 java.base@11.0.8
j  java.lang.invoke.LambdaForm$MH.invokeExact_MT(Ljava/lang/Object;Ljava/lang/Object;Ljava/lang/Object;)V+19 java.base@11.0.8
j  net.fabricmc.devlaunchinjector.Main.main([Ljava/lang/String;)V+307
v  ~StubRoutines::call_stub

siginfo: si_signo: 11 (SIGSEGV), si_code: 1 (SEGV_MAPERR), si_addr: 0x0000000c00000028

Register to memory mapping:

RAX=0x0000000c00000020 is an unknown value
RBX=0x00007f74b1ee3d80 points into unknown readable memory: 00 4a d0 b1 74 7f 00 00
RCX=0x0000000000000040 is an unknown value
RDX=0x00007f74b1ee9dc0 points into unknown readable memory: 60 1f e3 b3 74 7f 00 00
RSP=0x00007f74b5312470 is pointing into the stack for thread: 0x00007f74b001b000
RBP=0x0000000000006040 is an unknown value
RSI=0x00007f74b1eea350 points into unknown readable memory: 20 00 00 b1 00 00 00 00
RDI=0x00007f74b1ee3d80 points into unknown readable memory: 00 4a d0 b1 74 7f 00 00
R8 =0x0000000000040000 is an unknown value
R9 =0x00007f74b53124a8 is pointing into the stack for thread: 0x00007f74b001b000
R10=0x0000000000000001 is an unknown value
R11=0x00000000000000d0 is an unknown value
R12=0x0000000000000002 is an unknown value
R13=0x00007f74b1ee3d80 points into unknown readable memory: 00 4a d0 b1 74 7f 00 00
R14=0x00007f74b3ee12d0 points into unknown readable memory: 20 d9 1a bf df 86 b4 be
R15=0x00000000000000d0 is an unknown value


Registers:
RAX=0x0000000c00000020, RBX=0x00007f74b1ee3d80, RCX=0x0000000000000040, RDX=0x00007f74b1ee9dc0
RSP=0x00007f74b5312470, RBP=0x0000000000006040, RSI=0x00007f74b1eea350, RDI=0x00007f74b1ee3d80
R8 =0x0000000000040000, R9 =0x00007f74b53124a8, R10=0x0000000000000001, R11=0x00000000000000d0
R12=0x0000000000000002, R13=0x00007f74b1ee3d80, R14=0x00007f74b3ee12d0, R15=0x00000000000000d0
RIP=0x00007f741a7c7b79, EFLAGS=0x0000000000010202, CSGSFS=0x002b000000000033, ERR=0x0000000000000006
  TRAPNO=0x000000000000000e

Top of Stack: (sp=0x00007f74b5312470)
0x00007f74b5312470:   00007f74b1ee3d80 dce7f537a4772100
0x00007f74b5312480:   00007f74b5312560 0000000000000000
0x00007f74b5312490:   0000000000000000 00007f741a7c9cc8
0x00007f74b53124a0:   0001218000000000 00007f73d9068790 

Instructions: (pc=0x00007f741a7c7b79)
0x00007f741a7c7a79:   01 74 14 49 c7 45 00 00 00 00 00 e9 81 fe ff ff
0x00007f741a7c7a89:   0f 1f 80 00 00 00 00 48 89 de eb cb 0f 1f 00 8b
0x00007f741a7c7a99:   43 28 49 8b 75 00 41 89 07 48 85 f6 0f 85 1e fe
0x00007f741a7c7aa9:   ff ff f0 83 45 00 01 e9 4d fe ff ff 0f 1f 00 8b
0x00007f741a7c7ab9:   45 04 4c 8d 4c 24 08 4c 8d 44 24 10 48 89 ee b9
0x00007f741a7c7ac9:   02 00 00 00 31 d2 4c 89 e7 48 c7 44 24 08 00 00
0x00007f741a7c7ad9:   00 00 48 c7 44 24 10 00 00 00 00 89 44 24 18 c7
0x00007f741a7c7ae9:   44 24 1c 01 00 01 00 41 ff 94 24 f8 02 00 00 8b
0x00007f741a7c7af9:   53 08 31 f6 48 89 c7 ff 15 fa 29 98 00 48 8b 74
0x00007f741a7c7b09:   24 08 4c 89 e7 41 ff 94 24 08 03 00 00 48 8b 6b
0x00007f741a7c7b19:   20 e9 e8 fe ff ff ff 15 b3 29 98 00 66 66 2e 0f
0x00007f741a7c7b29:   1f 84 00 00 00 00 00 41 54 55 53 48 89 fb 48 83
0x00007f741a7c7b39:   ec 10 44 8b a7 8c 05 00 00 48 c7 87 68 04 00 00
0x00007f741a7c7b49:   00 00 00 00 49 69 ec 20 30 00 00 48 8d 14 2f 48
0x00007f741a7c7b59:   8d b4 2f 90 05 00 00 8b 82 9c 05 00 00 f0 01 87
0x00007f741a7c7b69:   58 04 00 00 48 8b 82 a0 05 00 00 48 85 c0 74 21
0x00007f741a7c7b79:   48 c7 40 08 00 00 00 00 f0 83 28 01 74 69 4d 69
0x00007f741a7c7b89:   e4 20 30 00 00 4a c7 84 23 a0 05 00 00 00 00 00
0x00007f741a7c7b99:   00 48 8d 94 2b a8 05 00 00 48 8d bb 78 04 00 00
0x00007f741a7c7ba9:   45 31 c9 45 31 c0 48 8d 0d ba 14 ff ff e8 c5 43
0x00007f741a7c7bb9:   9d ff 8b 83 8c 05 00 00 b9 cd cc cc cc 8d 50 01
0x00007f741a7c7bc9:   89 83 88 05 00 00 48 89 d0 48 0f af d1 48 c1 ea
0x00007f741a7c7bd9:   23 8d 14 92 01 d2 29 d0 89 83 8c 05 00 00 48 83
0x00007f741a7c7be9:   c4 10 5b 5d 41 5c c3 48 89 74 24 08 48 8b ba a0
0x00007f741a7c7bf9:   05 00 00 ff 15 e6 35 98 00 48 8b 74 24 08 e9 7b
0x00007f741a7c7c09:   ff ff ff 0f 1f 40 00 53 8d 5a 08 48 83 c3 0f 48
0x00007f741a7c7c19:   c1 eb 04 48 83 ec 10 8b 87 8c 05 00 00 48 69 c0
0x00007f741a7c7c29:   20 30 00 00 8b 94 07 9c 05 00 00 48 8d 8c 07 90
0x00007f741a7c7c39:   05 00 00 01 da 81 fa 00 03 00 00 77 3a 8b 41 0c
0x00007f741a7c7c49:   8d 14 18 89 51 0c 48 89 c2 48 c1 e0 04 48 c1 e2
0x00007f741a7c7c59:   04 48 8d 44 01 28 48 01 ca c7 42 20 1e ab a1 5c
0x00007f741a7c7c69:   66 89 72 26 66 89 5a 24 48 83 c4 10 5b c3 66 0f 


Stack slot to memory mapping:
stack at sp + 0 slots: 0x00007f74b1ee3d80 points into unknown readable memory: 00 4a d0 b1 74 7f 00 00
stack at sp + 1 slots: 0xdce7f537a4772100 is an unknown value
stack at sp + 2 slots: 0x00007f74b5312560 is pointing into the stack for thread: 0x00007f74b001b000
stack at sp + 3 slots: 0x0 is NULL
stack at sp + 4 slots: 0x0 is NULL
stack at sp + 5 slots: 0x00007f741a7c9cc8: <offset 0x0000000000b06cc8> in /usr/lib/dri/radeonsi_dri.so at 0x00007f7419cc3000
stack at sp + 6 slots: 0x0001218000000000 is an unknown value
stack at sp + 7 slots: 0x00007f73d9068790 points into unknown readable memory: 25 01 00 00 00 00 04 00


---------------  P R O C E S S  ---------------

Threads class SMR info:
_java_thread_list=0x00007f74500856c0, length=24, elements={
0x00007f74b001b000, 0x00007f74b0136800, 0x00007f74b013b000, 0x00007f74b014f800,
0x00007f74b0151800, 0x00007f74b0153800, 0x00007f74b0156000, 0x00007f74b01fd800,
0x00007f74b0201000, 0x00007f74b0202800, 0x00007f74b0218000, 0x00007f74b1a1c000,
0x00007f74b1b3c800, 0x00007f74b1b7d000, 0x00007f74b27ef000, 0x00007f7454076800,
0x00007f74b2d7c000, 0x00007f74b2f37000, 0x00007f74801a7000, 0x00007f74b305b000,
0x00007f74b3061800, 0x00007f74b30ef800, 0x00007f742000b800, 0x00007f74b31a9000
}

Java Threads: ( => current thread )
=>0x00007f74b001b000 JavaThread "Render thread" [_thread_in_native, id=22810, stack(0x00007f74b5214000,0x00007f74b5315000)]
  0x00007f74b0136800 JavaThread "Reference Handler" daemon [_thread_blocked, id=22817, stack(0x00007f7489eff000,0x00007f748a000000)]
  0x00007f74b013b000 JavaThread "Finalizer" daemon [_thread_blocked, id=22818, stack(0x00007f7489dfe000,0x00007f7489eff000)]
  0x00007f74b014f800 JavaThread "Signal Dispatcher" daemon [_thread_blocked, id=22819, stack(0x00007f7489a16000,0x00007f7489b17000)]
  0x00007f74b0151800 JavaThread "C2 CompilerThread0" daemon [_thread_blocked, id=22820, stack(0x00007f7489915000,0x00007f7489a16000)]
  0x00007f74b0153800 JavaThread "C1 CompilerThread0" daemon [_thread_blocked, id=22821, stack(0x00007f7489814000,0x00007f7489915000)]
  0x00007f74b0156000 JavaThread "Sweeper thread" daemon [_thread_blocked, id=22822, stack(0x00007f7489713000,0x00007f7489814000)]
  0x00007f74b01fd800 JavaThread "JDWP Transport Listener: dt_socket" daemon [_thread_in_native, id=22824, stack(0x00007f7489612000,0x00007f7489713000)]
  0x00007f74b0201000 JavaThread "JDWP Event Helper Thread" daemon [_thread_blocked, id=22827, stack(0x00007f7489511000,0x00007f7489612000)]
  0x00007f74b0202800 JavaThread "Service Thread" daemon [_thread_blocked, id=22833, stack(0x00007f748930f000,0x00007f7489410000)]
  0x00007f74b0218000 JavaThread "Common-Cleaner" daemon [_thread_blocked, id=22835, stack(0x00007f748910c000,0x00007f748920d000)]
  0x00007f74b1a1c000 JavaThread "Worker-Bootstrap-2" daemon [_thread_blocked, id=22874, stack(0x00007f743fdfe000,0x00007f743feff000)]
  0x00007f74b1b3c800 JavaThread "Timer hack thread" daemon [_thread_blocked, id=22884, stack(0x00007f743de6b000,0x00007f743df6c000)]
  0x00007f74b1b7d000 JavaThread "Snooper Timer" daemon [_thread_blocked, id=22885, stack(0x00007f743cb68000,0x00007f743cc69000)]
  0x00007f74b27ef000 JavaThread "Narrator" daemon [_thread_blocked, id=22920, stack(0x00007f740297e000,0x00007f7402a7f000)]
  0x00007f7454076800 JavaThread "Worker-Main-7" daemon [_thread_blocked, id=22948, stack(0x00007f740287d000,0x00007f740297e000)]
  0x00007f74b2d7c000 JavaThread "Snooper Timer" daemon [_thread_blocked, id=23026, stack(0x00007f73ffa7f000,0x00007f73ffb80000)]
  0x00007f74b2f37000 JavaThread "Server thread" [_thread_in_vm, id=23027, stack(0x00007f7488fda000,0x00007f74890db000)]
  0x00007f74801a7000 JavaThread "Java2D Disposer" daemon [_thread_blocked, id=23092, stack(0x00007f73dfe05000,0x00007f73dff06000)]
  0x00007f74b305b000 JavaThread "ObjectCleanerThread" daemon [_thread_blocked, id=23093, stack(0x00007f73dfb04000,0x00007f73dfc05000)]
  0x00007f74b3061800 JavaThread "Netty Server IO #0" daemon [_thread_in_native, id=23094, stack(0x00007f73dfa03000,0x00007f73dfb04000)]
  0x00007f74b30ef800 JavaThread "Netty Local Client IO #0" daemon [_thread_blocked, id=23103, stack(0x00007f73df601000,0x00007f73df702000)]
  0x00007f742000b800 JavaThread "Netty Server IO #1" daemon [_thread_in_native, id=23104, stack(0x00007f73df500000,0x00007f73df601000)]
  0x00007f74b31a9000 JavaThread "Sound engine" daemon [_thread_blocked, id=23108, stack(0x00007f7403a99000,0x00007f7403b9a000)]

Other Threads:
  0x00007f74b012e800 VMThread "VM Thread" [stack: 0x00007f749000f000,0x00007f749010f000] [id=22816]
  0x00007f74b0205000 WatcherThread [stack: 0x00007f748920f000,0x00007f748930f000] [id=22834]
  0x00007f74b0032800 GCTaskThread "GC Thread#0" [stack: 0x00007f74b4e87000,0x00007f74b4f87000] [id=22811]
  0x00007f747c001000 GCTaskThread "GC Thread#1" [stack: 0x00007f7488cda000,0x00007f7488dda000] [id=22837]
  0x00007f747c01d800 GCTaskThread "GC Thread#2" [stack: 0x00007f743fcfe000,0x00007f743fdfe000] [id=22852]
  0x00007f747c06c000 GCTaskThread "GC Thread#3" [stack: 0x00007f743f4ee000,0x00007f743f5ee000] [id=22858]
  0x00007f74b005e000 ConcurrentGCThread "G1 Main Marker" [stack: 0x00007f7498802000,0x00007f7498902000] [id=22812]
